<?xml version="1.0" encoding="UTF-8"?>
<!-- Generated by org.testng.reporters.JUnitReportReporter -->
<testsuite skipped="0" hostname="DESKTOP-HR38GSO" name="com.sgtesting.actitime.testsuit.DriverScript" tests="1" failures="0" timestamp="2022-08-10T16:07:50 IST" time="23.112" errors="0">
  <testcase name="feature" time="23.112" classname="com.sgtesting.actitime.testsuit.DriverScript"/>
  <system-out/>
</testsuite> <!-- com.sgtesting.actitime.testsuit.DriverScript -->
